Determining if the pthread_create exist failed with the following output:
Change Dir: /home/krzysztof/Repos/husky_simulation/ur_d435_ws/build/CMakeFiles/CMakeTmp

Run Build Command:"/usr/bin/make" "cmTC_c71af/fast"
/usr/bin/make -f CMakeFiles/cmTC_c71af.dir/build.make CMakeFiles/cmTC_c71af.dir/build
make[1]: Entering directory '/home/krzysztof/Repos/husky_simulation/ur_d435_ws/build/CMakeFiles/CMakeTmp'
Building C object CMakeFiles/cmTC_c71af.dir/CheckSymbolExists.c.o
/usr/bin/cc    -o CMakeFiles/cmTC_c71af.dir/CheckSymbolExists.c.o   -c /home/krzysztof/Repos/husky_simulation/ur_d435_ws/build/CMakeFiles/CMakeTmp/CheckSymbolExists.c
Linking C executable cmTC_c71af
/usr/bin/cmake -E cmake_link_script CMakeFiles/cmTC_c71af.dir/link.txt --verbose=1
/usr/bin/cc      -rdynamic CMakeFiles/cmTC_c71af.dir/CheckSymbolExists.c.o  -o cmTC_c71af 
CMakeFiles/cmTC_c71af.dir/CheckSymbolExists.c.o: In function `main':
CheckSymbolExists.c:(.text+0x1b): undefined reference to `pthread_create'
collect2: error: ld returned 1 exit status
CMakeFiles/cmTC_c71af.dir/build.make:97: recipe for target 'cmTC_c71af' failed
make[1]: *** [cmTC_c71af] Error 1
make[1]: Leaving directory '/home/krzysztof/Repos/husky_simulation/ur_d435_ws/build/CMakeFiles/CMakeTmp'
Makefile:126: recipe for target 'cmTC_c71af/fast' failed
make: *** [cmTC_c71af/fast] Error 2

File /home/krzysztof/Repos/husky_simulation/ur_d435_ws/build/CMakeFiles/CMakeTmp/CheckSymbolExists.c:
/* */
#include <pthread.h>

int main(int argc, char** argv)
{
  (void)argv;
#ifndef pthread_create
  return ((int*)(&pthread_create))[argc];
#else
  (void)argc;
  return 0;
#endif
}

Determining if the function pthread_create exists in the pthreads failed with the following output:
Change Dir: /home/krzysztof/Repos/husky_simulation/ur_d435_ws/build/CMakeFiles/CMakeTmp

Run Build Command:"/usr/bin/make" "cmTC_e30f5/fast"
/usr/bin/make -f CMakeFiles/cmTC_e30f5.dir/build.make CMakeFiles/cmTC_e30f5.dir/build
make[1]: Entering directory '/home/krzysztof/Repos/husky_simulation/ur_d435_ws/build/CMakeFiles/CMakeTmp'
Building C object CMakeFiles/cmTC_e30f5.dir/CheckFunctionExists.c.o
/usr/bin/cc   -DCHECK_FUNCTION_EXISTS=pthread_create   -o CMakeFiles/cmTC_e30f5.dir/CheckFunctionExists.c.o   -c /usr/share/cmake-3.10/Modules/CheckFunctionExists.c
Linking C executable cmTC_e30f5
/usr/bin/cmake -E cmake_link_script CMakeFiles/cmTC_e30f5.dir/link.txt --verbose=1
/usr/bin/cc  -DCHECK_FUNCTION_EXISTS=pthread_create    -rdynamic CMakeFiles/cmTC_e30f5.dir/CheckFunctionExists.c.o  -o cmTC_e30f5 -lpthreads 
/usr/bin/ld: cannot find -lpthreads
collect2: error: ld returned 1 exit status
CMakeFiles/cmTC_e30f5.dir/build.make:97: recipe for target 'cmTC_e30f5' failed
make[1]: *** [cmTC_e30f5] Error 1
make[1]: Leaving directory '/home/krzysztof/Repos/husky_simulation/ur_d435_ws/build/CMakeFiles/CMakeTmp'
Makefile:126: recipe for target 'cmTC_e30f5/fast' failed
make: *** [cmTC_e30f5/fast] Error 2


